<?xml version="1.0" encoding="UTF-8"?>
<coverage generated="1725006801177" clover="3.2.0">
  <project timestamp="1725006801177" name="All files">
    <metrics statements="7" coveredstatements="7" conditionals="9" coveredconditionals="9" methods="1" coveredmethods="1" elements="17" coveredelements="17" complexity="0" loc="7" ncloc="7" packages="1" files="1" classes="1"/>
    <file name="app.js" path="C:\Users\sondr\OneDrive - NTNU\DIGSEC\2. år DIGSEC\Høst 24\DCST2002 Webutvikling\DCST2002-Web\DCST2002-Webutvikling\Oving 2\testing-jest\app.js">
      <metrics statements="7" coveredstatements="7" conditionals="9" coveredconditionals="9" methods="1" coveredmethods="1"/>
      <line num="2" count="11" type="cond" truecount="2" falsecount="0"/>
      <line num="3" count="1" type="stmt"/>
      <line num="5" count="10" type="cond" truecount="2" falsecount="0"/>
      <line num="6" count="1" type="stmt"/>
      <line num="8" count="9" type="cond" truecount="2" falsecount="0"/>
      <line num="9" count="1" type="stmt"/>
      <line num="11" count="8" type="cond" truecount="3" falsecount="0"/>
    </file>
  </project>
</coverage>
