<?xml version="1.0" encoding="UTF-8"?>
<coverage generated="1724874234825" clover="3.2.0">
  <project timestamp="1724874234825" name="All files">
    <metrics statements="1" coveredstatements="1" conditionals="3" coveredconditionals="3" methods="1" coveredmethods="1" elements="5" coveredelements="5" complexity="0" loc="1" ncloc="1" packages="1" files="1" classes="1"/>
    <file name="app.js" path="C:\Users\sondr\OneDrive - NTNU\DIGSEC\2. år DIGSEC\Høst 24\DCST2002 Webutvikling\DCST2002-Web\DCST2002-Webutvikling\Oving 2\testing-jest\app.js">
      <metrics statements="1" coveredstatements="1" conditionals="3" coveredconditionals="3" methods="1" coveredmethods="1"/>
      <line num="2" count="2" type="cond" truecount="3" falsecount="0"/>
    </file>
  </project>
</coverage>
