{"C:\\Users\\sondr\\OneDrive - NTNU\\DIGSEC\\2. år DIGSEC\\Høst 24\\DCST2002 Webutvikling\\DCST2002-Web\\DCST2002-Webutvikling\\Oving 2\\testing-jest\\app.js": {"path":"C:\\Users\\sondr\\OneDrive - NTNU\\DIGSEC\\2. år DIGSEC\\Høst 24\\DCST2002 Webutvikling\\DCST2002-Web\\DCST2002-Webutvikling\\Oving 2\\testing-jest\\app.js","statementMap":{"0":{"start":{"line":2,"column":4},"end":{"line":5,"column":76}},"1":{"start":{"line":3,"column":8},"end":{"line":3,"column":44}},"2":{"start":{"line":5,"column":9},"end":{"line":5,"column":76}}},"fnMap":{"0":{"name":"isLeapYear","decl":{"start":{"line":1,"column":16},"end":{"line":1,"column":26}},"loc":{"start":{"line":1,"column":33},"end":{"line":6,"column":1}},"line":1}},"branchMap":{"0":{"loc":{"start":{"line":2,"column":4},"end":{"line":5,"column":76}},"type":"if","locations":[{"start":{"line":2,"column":4},"end":{"line":5,"column":76}},{"start":{"line":5,"column":9},"end":{"line":5,"column":76}}],"line":2},"1":{"loc":{"start":{"line":2,"column":8},"end":{"line":2,"column":55}},"type":"binary-expr","locations":[{"start":{"line":2,"column":8},"end":{"line":2,"column":16}},{"start":{"line":2,"column":20},"end":{"line":2,"column":33}},{"start":{"line":2,"column":37},"end":{"line":2,"column":55}}],"line":2},"2":{"loc":{"start":{"line":5,"column":16},"end":{"line":5,"column":76}},"type":"binary-expr","locations":[{"start":{"line":5,"column":17},"end":{"line":5,"column":31}},{"start":{"line":5,"column":37},"end":{"line":5,"column":53}},{"start":{"line":5,"column":59},"end":{"line":5,"column":75}}],"line":5}},"s":{"0":11,"1":3,"2":8},"f":{"0":11},"b":{"0":[3,8],"1":[11,10,9],"2":[8,8,2]},"_coverageSchema":"1a1c01bbd47fc00a2c39e90264f33305004495a9","hash":"cbafac8d2313f0b77a4d7ea03ef61de296d4d9f0"}
}
