{"C:\\Users\\sondr\\OneDrive - NTNU\\DIGSEC\\2. år DIGSEC\\Høst 24\\DCST2002 Webutvikling\\DCST2002-Web\\DCST2002-Webutvikling\\Oving 2\\testing-jest\\app.js": {"path":"C:\\Users\\sondr\\OneDrive - NTNU\\DIGSEC\\2. år DIGSEC\\Høst 24\\DCST2002 Webutvikling\\DCST2002-Web\\DCST2002-Webutvikling\\Oving 2\\testing-jest\\app.js","statementMap":{"0":{"start":{"line":2,"column":4},"end":{"line":4,"column":5}},"1":{"start":{"line":3,"column":8},"end":{"line":3,"column":44}},"2":{"start":{"line":5,"column":4},"end":{"line":7,"column":5}},"3":{"start":{"line":6,"column":8},"end":{"line":6,"column":44}},"4":{"start":{"line":8,"column":4},"end":{"line":11,"column":76}},"5":{"start":{"line":9,"column":8},"end":{"line":9,"column":44}},"6":{"start":{"line":11,"column":9},"end":{"line":11,"column":76}}},"fnMap":{"0":{"name":"isLeapYear","decl":{"start":{"line":1,"column":16},"end":{"line":1,"column":26}},"loc":{"start":{"line":1,"column":33},"end":{"line":12,"column":1}},"line":1}},"branchMap":{"0":{"loc":{"start":{"line":2,"column":4},"end":{"line":4,"column":5}},"type":"if","locations":[{"start":{"line":2,"column":4},"end":{"line":4,"column":5}},{"start":{},"end":{}}],"line":2},"1":{"loc":{"start":{"line":5,"column":4},"end":{"line":7,"column":5}},"type":"if","locations":[{"start":{"line":5,"column":4},"end":{"line":7,"column":5}},{"start":{},"end":{}}],"line":5},"2":{"loc":{"start":{"line":8,"column":4},"end":{"line":11,"column":76}},"type":"if","locations":[{"start":{"line":8,"column":4},"end":{"line":11,"column":76}},{"start":{"line":11,"column":9},"end":{"line":11,"column":76}}],"line":8},"3":{"loc":{"start":{"line":11,"column":16},"end":{"line":11,"column":76}},"type":"binary-expr","locations":[{"start":{"line":11,"column":17},"end":{"line":11,"column":31}},{"start":{"line":11,"column":37},"end":{"line":11,"column":53}},{"start":{"line":11,"column":59},"end":{"line":11,"column":75}}],"line":11}},"s":{"0":11,"1":1,"2":10,"3":1,"4":9,"5":1,"6":8},"f":{"0":11},"b":{"0":[1,10],"1":[1,9],"2":[1,8],"3":[8,8,2]},"_coverageSchema":"1a1c01bbd47fc00a2c39e90264f33305004495a9","hash":"6a0773961d887401081ad350a2966ff020a715d5"}
}
